current directory: C:/Users/Varun/.gem/ruby/3.1.0/gems/msgpack-1.7.2/ext/msgpack
C:/Ruby31-x64/bin/ruby.exe -I C:/Ruby31-x64/lib/ruby/3.1.0 extconf.rb
checking for rb_enc_interned_str() in ruby.h... yes
checking for rb_hash_new_capa() in ruby.h... no
checking for rb_proc_call_with_block() in ruby.h... yes
checking for whether -fvisibility=hidden is accepted as CFLAGS... yes
checking for whether -I.. is accepted as CFLAGS... yes
checking for whether -Wall is accepted as CFLAGS... yes
checking for whether -O3 is accepted as CFLAGS... yes
checking for whether -std=gnu99 is accepted as CFLAGS... yes
checking for whether -ggdb3 is accepted as CFLAGS... yes
checking for whether -DHASH_ASET_DEDUPE=1 is accepted as CFLAGS... yes
checking for whether -DSTR_UMINUS_DEDUPE_FROZEN=1 is accepted as CFLAGS... yes
creating Makefile

current directory: C:/Users/Varun/.gem/ruby/3.1.0/gems/msgpack-1.7.2/ext/msgpack
make DESTDIR\= sitearchdir\=./.gem.20240426-8272-phre49 sitelibdir\=./.gem.20240426-8272-phre49 clean

current directory: C:/Users/Varun/.gem/ruby/3.1.0/gems/msgpack-1.7.2/ext/msgpack
make DESTDIR\= sitearchdir\=./.gem.20240426-8272-phre49 sitelibdir\=./.gem.20240426-8272-phre49
generating msgpack-x64-mingw-ucrt.def
compiling buffer.c
compiling buffer_class.c
compiling extension_value_class.c
compiling factory_class.c
compiling packer.c
compiling packer_class.c
compiling packer_ext_registry.c
compiling rbinit.c
compiling rmem.c
compiling unpacker.c
compiling unpacker_class.c
compiling unpacker_ext_registry.c
linking shared-object msgpack/msgpack.so

current directory: C:/Users/Varun/.gem/ruby/3.1.0/gems/msgpack-1.7.2/ext/msgpack
make DESTDIR\= sitearchdir\=./.gem.20240426-8272-phre49 sitelibdir\=./.gem.20240426-8272-phre49 install
/usr/bin/install -c -m 0755 msgpack.so ./.gem.20240426-8272-phre49/msgpack
